2016-08-01T22:04:04.358Z	Master(17459/S1N0)	[impress]	Started server
2016-08-01T22:04:04.359Z	Master(17459/S1N0)	[impress]	JSTP listen on 127.0.0.1:250 by Master(17459/S1N0) Cloud Controller
2016-08-01T22:04:07.731Z	Worker(17475/S1N2)	[impress]	JSTP listen on *:3000 by Worker(17475/S1N2)
2016-08-01T22:04:08.061Z	Worker(17475/S1N2)	[impress]	Forked worker
2016-08-01T22:04:07.822Z	Worker(17469/S1N1)	[impress]	HTTP listen on *:80 by Worker(17469/S1N1)
2016-08-01T22:04:08.097Z	Worker(17469/S1N1)	[impress]	Forked worker
2016-08-01T22:04:07.892Z	Worker(17481/S1N3)	[impress]	HTTPS listen on *:443 by Worker(17481/S1N3)
2016-08-01T22:04:08.129Z	Worker(17481/S1N3)	[impress]	Forked worker
2016-08-01T22:09:04.540Z	Master(17459/S1N0)	[impress]	2866212	96088064	0	1	427899400	77500	220956900	27719418900	0	1.25927734375	1.32958984375	1.3818359375
2016-08-01T22:14:04.541Z	Master(17459/S1N0)	[impress]	2866512	90443776	0	1	429818300	77500	221613800	27719418900	0	1.20263671875	1.287109375	1.3505859375
2016-08-01T22:19:04.550Z	Master(17459/S1N0)	[impress]	2866812	85221376	0	1	431773200	77500	222280200	27719418900	0	1.21923828125	1.31640625	1.3515625
2016-08-01T22:24:04.560Z	Master(17459/S1N0)	[impress]	2867112	87711744	0	1	433691800	77500	222935900	27719418900	0	1.4619140625	1.49951171875	1.42578125
2016-08-01T22:29:04.561Z	Master(17459/S1N0)	[impress]	2867412	86974464	0	1	435624200	77500	223591500	27719418900	0	1.3662109375	1.5126953125	1.462890625
2016-08-01T22:34:04.573Z	Master(17459/S1N0)	[impress]	2867712	86769664	0	1	437619300	77500	224271200	27719418900	0	1.1796875	1.404296875	1.43994140625
2016-08-01T22:39:04.583Z	Master(17459/S1N0)	[impress]	2868012	87744512	0	1	439556100	77500	224924200	27719418900	0	1.30517578125	1.38134765625	1.41357421875
2016-08-01T22:44:04.594Z	Master(17459/S1N0)	[impress]	2868312	87617536	0	1	441524600	77500	225591500	27719418900	0	1.318359375	1.29736328125	1.369140625
2016-08-01T22:49:04.605Z	Master(17459/S1N0)	[impress]	2868612	86855680	0	1	443471700	77500	226250400	27719418900	0	1.462890625	1.40966796875	1.40576171875
2016-08-01T22:54:04.617Z	Master(17459/S1N0)	[impress]	2868912	85966848	0	1	445413100	77500	226911200	27719418900	0	1.76171875	1.48095703125	1.43017578125
2016-08-01T22:59:04.629Z	Master(17459/S1N0)	[impress]	2869212	85458944	0	1	447370800	77500	227568000	27719418900	0	2.02099609375	1.59423828125	1.46923828125
2016-08-01T23:04:04.636Z	Master(17459/S1N0)	[impress]	2869512	79695872	0	1	449298300	77500	228206400	27719418900	0	1.36328125	1.47705078125	1.45703125
2016-08-01T23:09:04.639Z	Master(17459/S1N0)	[impress]	2869812	79204352	0	1	451261100	77500	228862600	27719418900	0	1.45263671875	1.44287109375	1.439453125
2016-08-01T23:14:04.651Z	Master(17459/S1N0)	[impress]	2870112	76664832	0	1	453287000	77500	229533400	27719418900	0	1.22705078125	1.4189453125	1.443359375
2016-08-01T23:19:04.661Z	Master(17459/S1N0)	[impress]	2870412	79646720	0	1	455230100	77500	230177000	27719418900	0	1.28076171875	1.375	1.4150390625
2016-08-01T23:24:04.671Z	Master(17459/S1N0)	[impress]	2870712	79519744	0	1	457168200	77500	230815400	27719418900	0	1.177734375	1.34130859375	1.392578125
2016-08-01T23:29:04.674Z	Master(17459/S1N0)	[impress]	2871012	79011840	0	1	459115700	77500	231462500	27719418900	0	1.48876953125	1.419921875	1.41357421875
2016-08-01T23:34:04.682Z	Master(17459/S1N0)	[impress]	2871313	78249984	0	1	461085000	77500	232117700	27719418900	0	1.146484375	1.28515625	1.36376953125
2016-08-01T23:39:04.692Z	Master(17459/S1N0)	[impress]	2871613	77615104	0	1	463026600	77500	232765100	27719418900	0	1.34716796875	1.3837890625	1.38623046875
2016-08-01T23:44:04.704Z	Master(17459/S1N0)	[impress]	2871913	74506240	0	1	464954900	77500	233411500	27719418900	0	1.53515625	1.3896484375	1.38720703125
2016-08-01T23:49:04.715Z	Master(17459/S1N0)	[impress]	2872213	76222464	0	1	466846700	77500	234048800	27719418900	0	1.537109375	1.39599609375	1.3935546875
2016-08-01T23:54:04.726Z	Master(17459/S1N0)	[impress]	2872513	75587584	0	1	468827200	77500	234705600	27719418900	0	1.3310546875	1.4453125	1.4306640625
2016-08-01T23:59:04.737Z	Master(17459/S1N0)	[impress]	2872813	79183872	0	1	470749200	77500	235346400	27719418900	0	1.32666015625	1.39306640625	1.4091796875
